Case #1: [E, A]
Case #2: [R, I, R]
Case #3: [F, D, T]
Case #4: [Z, E, R, A]
Case #5: []
Case #6: []
Case #7: [A, E, E, E, W, A, E, A, Z]
Case #8: [F, F, S, Q, S, D, S, I, D]
Case #9: [Q, S, R, S, R, A, S, E, P]
Case #10: []
Case #11: [R, J, Q, W, R, W, E, S, Q]
Case #12: [B, D, R, F, B, R, W, R]
Case #13: [S, D]
Case #14: [W]
Case #15: [E, Q, H, W, R, S, D, E, Q]
Case #16: [F, Q, S, F, M, M, F, S]
Case #17: [R, D, S, R, F, A, S, H, F]
Case #18: [A, W, A, R, E, N, E, S, S]
Case #19: [S]
Case #20: [R, F, D, Q, D, U, E, E, Q]
Case #21: [K, S, D, E, W, W, Q, K]
Case #22: [D, O]
Case #23: [E, A, X, Q, S, W, S, A, R]
Case #24: [C, A, S, S, S, W, A]
Case #25: [R, W, E, D, N, F, S, W, R]
Case #26: [B, D, A, S]
Case #27: [L, W, F, D, D, W, E]
Case #28: [D, E, A, F, D, E, A, R, S]
Case #29: [F, S, E, F]
Case #30: [D]
Case #31: [Z, Z, Z, Z, Z]
Case #32: [W, Q, F, W]
Case #33: [Q, Q, W, E, R, G, D, F, S]
Case #34: [Q, A, Q, A]
Case #35: [A, E, F, Q, A, F]
Case #36: [D, S, S, D, F, D, K, F, F]
Case #37: [R, A, F, H, D, F, D, A, R]
Case #38: [D, A, E, S, R, H, Q, D, Q]
Case #39: [E, D, R, S, S, W]
Case #40: [D, R, P, P, S]
Case #41: []
Case #42: [H, D, R, E, W, F, A, A, F]
Case #43: [E, D]
Case #44: [W, A, A, W, Q, F, I, E, S]
Case #45: [F]
Case #46: []
Case #47: [A, W, Q, S]
Case #48: [B, R, F, E, S, Q, Q, F, E]
Case #49: [N, S, S, W, Q, A, E, Q, F]
Case #50: [L, A, L, F]
Case #51: [S, A, D, D, A, N, Q, R, A]
Case #52: [Q, C, E, R, A]
Case #53: [D, R, R, E, L, W, F, D, R]
Case #54: [E, H, D, R, A, D, E, R, S]
Case #55: [X]
Case #56: [F, F, V, E, Q, A, E, F, W]
Case #57: [O, S, D, E, D]
Case #58: [N, R, W]
Case #59: [S, B, R, A, E, R, R, F, F]
Case #60: [F]
Case #61: [D, E, H, F, E, F, Q, D, E]
Case #62: [A, S, D, W, A, R, H, D, Q]
Case #63: [A, W, D, S, S, S, T, S, Q]
Case #64: [S, Q, Q, X, S, R, A, W, W]
Case #65: [Q, Q, I, D, S, D, S]
Case #66: [E, W, F, Z, F, S, R, A, A]
Case #67: [S, D]
Case #68: [D]
Case #69: [F, D, D]
Case #70: [Q, R, W, R, S, T, D, T]
Case #71: [A, E, Q, S, F]
Case #72: [Q, R, W, E, Y, Y, F, A]
Case #73: [R, H, S, D]
Case #74: [F, D, S, N, F, R, F, S, W]
Case #75: [D, E, Q, F, R, Q, D, U, S]
Case #76: [K, F, K, D, W]
Case #77: [Q, S, S, Q, D, Q, Y, R, R]
Case #78: [S, M, D, Q, S, F, F, D, E]
Case #79: [D, S, Q, Q, E, Q, F, I, R]
Case #80: [R, S, D, Q, E, Y, Q, E, Q]
Case #81: []
Case #82: [S, R, E, T, T, E, D, Q]
Case #83: [Q, E, A, R]
Case #84: []
Case #85: [T, A, E, A]
Case #86: []
Case #87: [A, Q, F, Q, Q, E, H, R, F]
Case #88: [D, D, D, E, E, G, F, R, R]
Case #89: [A, R, E, R, G, F, W, E, F]
Case #90: [F, W, F, Q, R, D, L, D, E]
Case #91: [L, L, R, Q, L, D, R]
Case #92: []
Case #93: [Q, Q, D, R, E, W, R, W, T]
Case #94: [W, J, J, E, F, Q, D, F]
Case #95: [A, A, A, A, A, A, A, A, A, A]
Case #96: [D]
Case #97: [W, Q, R, A, R, H, Q, A, A]
Case #98: [A]
Case #99: [Q, R, Q, D, E, S, Q, T, W]
Case #100: [F, J, W, A, W, D, S, E, A]
